<?xml version="1.0" encoding="UTF-8"?>
<!-- Generated by org.testng.reporters.JUnitReportReporter -->
<testsuite hostname="DESKTOP-JKFVOOQ" failures="0" tests="5" name="runners.TestRunner" time="106.312" errors="0" timestamp="2023-02-27T10:25:42 IST" skipped="0">
  <testcase classname="runners.TestRunner" name="runScenario" time="14.941"/>
  <system-out/>
  <testcase classname="runners.TestRunner" name="runScenario" time="15.140"/>
  <system-out/>
  <testcase classname="runners.TestRunner" name="runScenario" time="30.245"/>
  <system-out/>
  <testcase classname="runners.TestRunner" name="runScenario" time="30.839"/>
  <system-out/>
  <testcase classname="runners.TestRunner" name="runScenario" time="15.147"/>
  <system-out/>
</testsuite> <!-- runners.TestRunner -->
