<?xml version="1.0" encoding="UTF-8"?>
<!-- Generated by org.testng.reporters.JUnitReportReporter -->
<testsuite hostname="DESKTOP-JKFVOOQ" failures="0" tests="5" name="runners.TestRunner" time="102.522" errors="0" timestamp="2023-02-27T09:29:30 IST" skipped="0">
  <testcase classname="runners.TestRunner" name="runScenario" time="15.169"/>
  <system-out/>
  <testcase classname="runners.TestRunner" name="runScenario" time="14.545"/>
  <system-out/>
  <testcase classname="runners.TestRunner" name="runScenario" time="14.923"/>
  <system-out/>
  <testcase classname="runners.TestRunner" name="runScenario" time="38.452"/>
  <system-out/>
  <testcase classname="runners.TestRunner" name="runScenario" time="19.433"/>
  <system-out/>
</testsuite> <!-- runners.TestRunner -->
