<?xml version="1.0" encoding="UTF-8"?>
<!-- Generated by org.testng.reporters.JUnitReportReporter -->
<testsuite hostname="DESKTOP-JKFVOOQ" failures="0" tests="5" name="runners.TestRunner" time="134.315" errors="0" timestamp="2023-02-26T16:03:43 IST" skipped="0">
  <testcase classname="runners.TestRunner" name="runScenario" time="18.268"/>
  <system-out/>
  <testcase classname="runners.TestRunner" name="runScenario" time="17.653"/>
  <system-out/>
  <testcase classname="runners.TestRunner" name="runScenario" time="26.167"/>
  <system-out/>
  <testcase classname="runners.TestRunner" name="runScenario" time="37.399"/>
  <system-out/>
  <testcase classname="runners.TestRunner" name="runScenario" time="34.828"/>
  <system-out/>
</testsuite> <!-- runners.TestRunner -->
